<?xml version="1.0" encoding="UTF-8"?>
<!-- Generated by org.testng.reporters.JUnitReportReporter -->
<testsuite hostname="Santhosh" failures="0" tests="1" name="Santhosh.Test.ErrorValidation" time="4.177" errors="0" timestamp="2025-02-24T22:57:20 IST" skipped="0">
  <testcase classname="Santhosh.Test.ErrorValidation" name="verifyLoginError" time="4.177"/>
</testsuite> <!-- Santhosh.Test.ErrorValidation -->
