<?xml version="1.0" encoding="UTF-8"?>
<!-- Generated by org.testng.reporters.JUnitReportReporter -->
<testsuite hostname="Santhosh" failures="0" tests="3" name="Santhosh.Test.FrameWorkBuildTest" time="19.583" errors="0" timestamp="2025-02-24T22:57:20 IST" skipped="0">
  <testcase classname="Santhosh.Test.FrameWorkBuildTest" name="submitOrder" time="7.980"/>
  <testcase classname="Santhosh.Test.FrameWorkBuildTest" name="submitOrder" time="8.025"/>
  <testcase classname="Santhosh.Test.FrameWorkBuildTest" name="VerifyOrderDetails" time="3.578"/>
</testsuite> <!-- Santhosh.Test.FrameWorkBuildTest -->
