<?xml version="1.0" encoding="UTF-8"?>
<!-- Generated by org.testng.reporters.JUnitReportReporter -->
<testsuite hostname="Santhosh" failures="0" tests="3" name="Cognizant.Test.FrameWorkBuildTest" time="32.255" errors="0" timestamp="2025-02-24T22:06:05 IST" skipped="0">
  <testcase classname="Cognizant.Test.FrameWorkBuildTest" name="VerifyOrderDetails" time="4.329"/>
  <testcase classname="Cognizant.Test.FrameWorkBuildTest" name="submitOrder" time="12.861"/>
  <testcase classname="Cognizant.Test.FrameWorkBuildTest" name="submitOrder" time="15.065"/>
</testsuite> <!-- Cognizant.Test.FrameWorkBuildTest -->
